This is pdfeTeX, Version 3.141592-1.21a-2.2 (Web2C 7.5.4) (format=latex 2006.9.28)  16 OCT 2006 01:57
entering extended mode
**slamschool
(./slamschool.tex
LaTeX2e <2003/12/01>
Babel <v3.8d> and hyphenation patterns for american, french, german, ngerman, b
ahasa, basque, bulgarian, catalan, croatian, czech, danish, dutch, esperanto, e
stonian, finnish, greek, icelandic, irish, italian, latin, magyar, norsk, polis
h, portuges, romanian, russian, serbian, slovak, slovene, spanish, swedish, tur
kish, ukrainian, nohyphenation, loaded.
(/usr/share/texmf/tex/latex/base/article.cls
Document Class: article 2004/02/16 v1.4f Standard LaTeX document class
(/usr/share/texmf/tex/latex/base/size12.clo
File: size12.clo 2004/02/16 v1.4f Standard LaTeX file (size option)
)
\c@part=\count79
\c@section=\count80
\c@subsection=\count81
\c@subsubsection=\count82
\c@paragraph=\count83
\c@subparagraph=\count84
\c@figure=\count85
\c@table=\count86
\abovecaptionskip=\skip41
\belowcaptionskip=\skip42
\bibindent=\dimen102
)
(/usr/share/texmf/tex/latex/psnfss/palatino.sty
Package: palatino 2004/09/15 PSNFSS-v9.2 (SPQR) 
)
(/usr/share/texmf/tex/latex/amsmath/amsmath.sty
Package: amsmath 2000/07/18 v2.13 AMS math features
\@mathmargin=\skip43

For additional information on amsmath, use the `?' option.
(/usr/share/texmf/tex/latex/amsmath/amstext.sty
Package: amstext 2000/06/29 v2.01

(/usr/share/texmf/tex/latex/amsmath/amsgen.sty
File: amsgen.sty 1999/11/30 v2.0
\@emptytoks=\toks14
\ex@=\dimen103
))
(/usr/share/texmf/tex/latex/amsmath/amsbsy.sty
Package: amsbsy 1999/11/29 v1.2d
\pmbraise@=\dimen104
)
(/usr/share/texmf/tex/latex/amsmath/amsopn.sty
Package: amsopn 1999/12/14 v2.01 operator names
)
\inf@bad=\count87
LaTeX Info: Redefining \frac on input line 211.
\uproot@=\count88
\leftroot@=\count89
LaTeX Info: Redefining \overline on input line 307.
\classnum@=\count90
\DOTSCASE@=\count91
LaTeX Info: Redefining \ldots on input line 379.
LaTeX Info: Redefining \dots on input line 382.
LaTeX Info: Redefining \cdots on input line 467.
\Mathstrutbox@=\box26
\strutbox@=\box27
\big@size=\dimen105
LaTeX Font Info:    Redeclaring font encoding OML on input line 567.
LaTeX Font Info:    Redeclaring font encoding OMS on input line 568.
\macc@depth=\count92
\c@MaxMatrixCols=\count93
\dotsspace@=\muskip10
\c@parentequation=\count94
\dspbrk@lvl=\count95
\tag@help=\toks15
\row@=\count96
\column@=\count97
\maxfields@=\count98
\andhelp@=\toks16
\eqnshift@=\dimen106
\alignsep@=\dimen107
\tagshift@=\dimen108
\tagwidth@=\dimen109
\totwidth@=\dimen110
\lineht@=\dimen111
\@envbody=\toks17
\multlinegap=\skip44
\multlinetaggap=\skip45
\mathdisplay@stack=\toks18
LaTeX Info: Redefining \[ on input line 2666.
LaTeX Info: Redefining \] on input line 2667.
)
(/usr/share/texmf/tex/latex/graphics/color.sty
Package: color 1999/02/16 v1.0i Standard LaTeX Color (DPC)

(/usr/share/texmf/tex/latex/graphics/color.cfg
File: color.cfg 2005/02/03 v1.3 color configuration of teTeX/TeXLive
)
Package color Info: Driver file: dvips.def on input line 125.

(/usr/share/texmf/tex/latex/graphics/dvips.def
File: dvips.def 1999/02/16 v3.0i Driver-dependant file (DPC,SPQR)
)
(/usr/share/texmf/tex/latex/graphics/dvipsnam.def
File: dvipsnam.def 1999/02/16 v3.0i Driver-dependant file (DPC,SPQR)
))
(/usr/share/texmf/tex/latex/graphics/graphicx.sty
Package: graphicx 1999/02/16 v1.0f Enhanced LaTeX Graphics (DPC,SPQR)

(/usr/share/texmf/tex/latex/graphics/keyval.sty
Package: keyval 1999/03/16 v1.13 key=value parser (DPC)
\KV@toks@=\toks19
)
(/usr/share/texmf/tex/latex/graphics/graphics.sty
Package: graphics 2001/07/07 v1.0n Standard LaTeX Graphics (DPC,SPQR)

(/usr/share/texmf/tex/latex/graphics/trig.sty
Package: trig 1999/03/16 v1.09 sin cos tan (DPC)
)
(/usr/share/texmf/tex/latex/graphics/graphics.cfg
File: graphics.cfg 2005/02/03 v1.3 graphics configuration of teTeX/TeXLive
)
Package graphics Info: Driver file: dvips.def on input line 80.
)
\Gin@req@height=\dimen112
\Gin@req@width=\dimen113
)
(/usr/share/texmf/tex/latex/graphics/epsfig.sty
Package: epsfig 1999/02/16 v1.7a (e)psfig emulation (SPQR)
\epsfxsize=\dimen114
\epsfysize=\dimen115
) (./textalk.tex
\px=\dimen116
)
(../../TeX/newcom.tex) (../../TeX/symbols.tex)
\topspacer=\skip46
\tablespacer=\skip47
 (./slamschool.aux)
\openout1 = `slamschool.aux'.

LaTeX Font Info:    Checking defaults for OML/cmm/m/it on input line 70.
LaTeX Font Info:    ... okay on input line 70.
LaTeX Font Info:    Checking defaults for T1/cmr/m/n on input line 70.
LaTeX Font Info:    ... okay on input line 70.
LaTeX Font Info:    Checking defaults for OT1/cmr/m/n on input line 70.
LaTeX Font Info:    ... okay on input line 70.
LaTeX Font Info:    Checking defaults for OMS/cmsy/m/n on input line 70.
LaTeX Font Info:    ... okay on input line 70.
LaTeX Font Info:    Checking defaults for OMX/cmex/m/n on input line 70.
LaTeX Font Info:    ... okay on input line 70.
LaTeX Font Info:    Checking defaults for U/cmr/m/n on input line 70.
LaTeX Font Info:    ... okay on input line 70.
LaTeX Font Info:    Try loading font information for OT1+ppl on input line 70.

(/usr/share/texmf/tex/latex/psnfss/ot1ppl.fd
File: ot1ppl.fd 2001/06/04 font definitions for OT1/ppl.
)
LaTeX Font Info:    Try loading font information for OT1+phv on input line 72.

(/usr/share/texmf/tex/latex/psnfss/ot1phv.fd
File: ot1phv.fd 2001/06/04 scalable font definitions for OT1/phv.
)
File: Figsajd/Bits/empty.id Graphic file (type eps)
 <Figsajd/Bits/empty.id>
File: Figsajd/Siggraph2004Results/planarpatches.eps Graphic file (type eps)

<Figsajd/Siggraph2004Results/planarpatches.eps>
File: Figsajd/Siggraph2004Results/activesearch.eps Graphic file (type eps)

<Figsajd/Siggraph2004Results/activesearch.eps>
File: Figsajd/Crest/imperial-logo-bigger.eps Graphic file (type eps)

<Figsajd/Crest/imperial-logo-bigger.eps> [1


]
File: Figsajd/Bits/darkline.ps Graphic file (type eps)
 <Figsajd/Bits/darkline.ps>
File: Figsajd/Wearable/HRP-WeRo.eps Graphic file (type eps)

<Figsajd/Wearable/HRP-WeRo.eps>
File: Figsajd/MonoSLAMApp/er1.eps Graphic file (type eps)
 <Figsajd/MonoSLAMApp/er1.eps>
File: Figsajd/MonoSLAMApp/nasa-psa.eps Graphic file (type eps)

<Figsajd/MonoSLAMApp/nasa-psa.eps>
File: Figsajd/Wearable/WeRoFW_combo.eps Graphic file (type eps)
 <Figsajd/Wearable/WeRoFW_combo.eps>
File: Figsajd/MonoSLAMApp/sonyphone.eps Graphic file (type eps)

<Figsajd/MonoSLAMApp/sonyphone.eps>
File: Figsajd/MonoSLAMApp/eyetoy.eps Graphic file (type eps)
 <Figsajd/MonoSLAMApp/eyetoy.eps> [2

]
File: Figsajd/Bits/darkline.ps Graphic file (type eps)

<Figsajd/Bits/darkline.ps>
LaTeX Font Info:    Try loading font information for OMS+phv on input line 150.

 (/usr/share/texmf/tex/latex/psnfss/omsphv.fd
File: omsphv.fd 
)
LaTeX Font Info:    Font shape `OMS/phv/m/n' in size <24.88> not available
(Font)              Font shape `OMS/cmsy/m/n' tried instead on input line 150.
File: Figsajd/CameraGeom/essential.id Graphic file (type eps)

<Figsajd/CameraGeom/essential.id> [3

]
File: Figsajd/Bits/darkline.ps Graphic file (type eps)
 <Figsajd/Bits/darkline.ps>
File: Figsajd/Bits/empty.id Graphic file (type eps)

<Figsajd/Bits/empty.id>
\w=\dimen117
\h=\dimen118
File: Figsajd/Bits/empty.id Graphic file (type eps)
 <Figsajd/Bits/empty.id>
\w=\dimen119
\h=\dimen120
 [4

]
File: Figsajd/Bits/darkline.ps Graphic file (type eps)
 <Figsajd/Bits/darkline.ps>
File: Figsajd/SeqBatch/batchdata.id Graphic file (type eps)

<Figsajd/SeqBatch/batchdata.id>
File: Figsajd/Bits/rightarrow.id Graphic file (type eps)
 <Figsajd/Bits/rightarrow.id>
File: Figsajd/SeqBatch/batchres.id Graphic file (type eps)

<Figsajd/SeqBatch/batchres.id>
File: Figsajd/SeqBatch/seq1.id Graphic file (type eps)
 <Figsajd/SeqBatch/seq1.id>
File: Figsajd/SeqBatch/seqdata.id Graphic file (type eps)

<Figsajd/SeqBatch/seqdata.id>
File: Figsajd/SeqBatch/seq2.id Graphic file (type eps)
 <Figsajd/SeqBatch/seq2.id>
File: Figsajd/SeqBatch/seqdata.id Graphic file (type eps)

<Figsajd/SeqBatch/seqdata.id>
File: Figsajd/SeqBatch/seq3.id Graphic file (type eps)
 <Figsajd/SeqBatch/seq3.id> [5

]
File: Figsajd/Bits/darkline.ps Graphic file (type eps)

<Figsajd/Bits/darkline.ps>
File: Figsajd/SLAMSchool/droid_corners.eps Graphic file (type eps)
 <Figsajd/SLAMSchool/droid_corners.eps>
File: Figsajd/SLAMSchool/droid_triangles.eps Graphic file (type eps)

<Figsajd/SLAMSchool/droid_triangles.eps>
File: Figsajd/SLAMSchool/droid_contours.eps Graphic file (type eps)

<Figsajd/SLAMSchool/droid_contours.eps> [6

]
File: Figsajd/Bits/darkline.ps Graphic file (type eps)
 <Figsajd/Bits/darkline.ps>
File: Figsajd/SLAMSchool/nister_stereo.eps Graphic file (type eps)

<Figsajd/SLAMSchool/nister_stereo.eps>
File: Figsajd/SLAMSchool/nister_trajectories.eps Graphic file (type eps)

<Figsajd/SLAMSchool/nister_trajectories.eps>
File: Figsajd/SLAMSchool/nister_map.eps Graphic file (type eps)

<Figsajd/SLAMSchool/nister_map.eps> [7

]
File: Figsajd/Bits/darkline.ps Graphic file (type eps)
 <Figsajd/Bits/darkline.ps> [8

]
File: Figsajd/Bits/darkline.ps Graphic file (type eps)

<Figsajd/Bits/darkline.ps>
File: Figsajd/Bits/empty.id Graphic file (type eps)
 <Figsajd/Bits/empty.id>
\w=\dimen121
\h=\dimen122
 [9

]
File: Figsajd/Bits/darkline.ps Graphic file (type eps)

<Figsajd/Bits/darkline.ps>
Overfull \hbox (12.01749pt too wide) in paragraph at lines 336--338
[]\OT1/phv/m/n/24.88 With bearing-only mea-sure-ment of vi-sual fea-
 []

[10

]
File: Figsajd/Bits/darkline.ps Graphic file (type eps)
 <Figsajd/Bits/darkline.ps> [11

]
File: Figsajd/Bits/darkline.ps Graphic file (type eps)
 <Figsajd/Bits/darkline.ps>
File: Figsajd/Bits/empty.id Graphic file (type eps)

<Figsajd/Bits/empty.id>
\w=\dimen123
\h=\dimen124
File: Figsajd/GTI/run2.eps Graphic file (type eps)
 <Figsajd/GTI/run2.eps> [12

]
File: Figsajd/Bits/darkline.ps Graphic file (type eps)
 <Figsajd/Bits/darkline.ps>
LaTeX Font Info:    Font shape `OT1/ppl/bx/n' in size <29.86> not available
(Font)              Font shape `OT1/ppl/b/n' tried instead on input line 418.

[13

]
File: Figsajd/Bits/darkline.ps Graphic file (type eps)
 <Figsajd/Bits/darkline.ps>
Overfull \hbox (0.94531pt too wide) in paragraph at lines 474--475
[]\OT1/phv/m/n/24.88 PDF over robot and map pa-ram-e-ters is mod-
 []

[14

]
File: Figsajd/Bits/darkline.ps Graphic file (type eps)
 <Figsajd/Bits/darkline.ps> [15

]
File: Figsajd/Bits/darkline.ps Graphic file (type eps)
 <Figsajd/Bits/darkline.ps>
File: Figsajd/CameraGeom/smoothmotion.id Graphic file (type eps)

<Figsajd/CameraGeom/smoothmotion.id> [16

]
File: Figsajd/Bits/darkline.ps Graphic file (type eps)
 <Figsajd/Bits/darkline.ps>
File: Figsajd/Siggraph2004Results/planarpatches.eps Graphic file (type eps)

<Figsajd/Siggraph2004Results/planarpatches.eps>
File: Figsajd/Siggraph2004Results/activesearch.eps Graphic file (type eps)

<Figsajd/Siggraph2004Results/activesearch.eps>
Overfull \hbox (28.21375pt too wide) in paragraph at lines 553--554
[][]\OT1/phv/m/n/24.88 Large salient fea-ture patches[] de-tected to serve
 []

[17

]
File: Figsajd/Bits/darkline.ps Graphic file (type eps)
 <Figsajd/Bits/darkline.ps>
File: Figsajd/SLAMSchool/se_sift.eps Graphic file (type eps)
 <Figsajd/SLAMSchool/se_sift.eps>
File: Figsajd/SLAMSchool/se_map.eps Graphic file (type eps)

<Figsajd/SLAMSchool/se_map.eps> [18

]
File: Figsajd/Bits/darkline.ps Graphic file (type eps)
 <Figsajd/Bits/darkline.ps>
File: Figsajd/SLAMSchool/sift_match1.eps Graphic file (type eps)

<Figsajd/SLAMSchool/sift_match1.eps>
File: Figsajd/SLAMSchool/sift_match2.eps Graphic file (type eps)
 <Figsajd/SLAMSchool/sift_match2.eps>
[19

]
File: Figsajd/Bits/darkline.ps Graphic file (type eps)
 <Figsajd/Bits/darkline.ps>
File: Figsajd/Bits/empty.id Graphic file (type eps)
 <Figsajd/Bits/empty.id>
\w=\dimen125
\h=\dimen126
 [20

]
File: Figsajd/Bits/darkline.ps Graphic file (type eps)

<Figsajd/Bits/darkline.ps>
File: Figsajd/ActiveSearch/edges_example.eps Graphic file (type eps)
 <Figsajd/ActiveSearch/edges_example.eps> [21

]
File: Figsajd/Bits/darkline.ps Graphic file (type eps)

<Figsajd/Bits/darkline.ps>
File: Figsajd/Probability/histogram.id Graphic file (type eps)
 <Figsajd/Probability/histogram.id> [22

]
File: Figsajd/Bits/darkline.ps Graphic file (type eps)

<Figsajd/Bits/darkline.ps> [23

]
File: Figsajd/Bits/darkline.ps Graphic file (type eps)
 <Figsajd/Bits/darkline.ps>
File: Figsajd/Probability/histogram.id Graphic file (type eps)

<Figsajd/Probability/histogram.id>
File: Figsajd/Bits/rightarrow.id Graphic file (type eps)
 <Figsajd/Bits/rightarrow.id>
File: Figsajd/Probability/histogram4.id Graphic file (type eps)

<Figsajd/Probability/histogram4.id>
File: Figsajd/Bits/rightarrow.id Graphic file (type eps)
 <Figsajd/Bits/rightarrow.id>
File: Figsajd/Probability/continuous.id Graphic file (type eps)

<Figsajd/Probability/continuous.id> [24

]
File: Figsajd/Bits/darkline.ps Graphic file (type eps)
 <Figsajd/Bits/darkline.ps>
File: Figsajd/ActiveSearch/ellipsoid.eps Graphic file (type eps)

<Figsajd/ActiveSearch/ellipsoid.eps> [25

]
File: Figsajd/Bits/darkline.ps Graphic file (type eps)
 <Figsajd/Bits/darkline.ps> [26

]
File: Figsajd/Bits/darkline.ps Graphic file (type eps)

<Figsajd/Bits/darkline.ps> [27

]
File: Figsajd/Bits/darkline.ps Graphic file (type eps)
 <Figsajd/Bits/darkline.ps>
Overfull \hbox (0.9648pt too wide) in paragraph at lines 801--802
[]\OT1/phv/m/n/24.88 Object state []$\OT1/cmr/bx/n/24.88 x$[] \OT1/phv/m/n/24.8
8 and mea-sure-ment can-di-dates
 []

File: Figsajd/ActiveSearch/example1.eps Graphic file (type eps)
<Figsajd/ActiveSearch/example1.eps> [28

]
File: Figsajd/Bits/darkline.ps Graphic file (type eps)
 <Figsajd/Bits/darkline.ps> [29

]
File: Figsajd/Bits/darkline.ps Graphic file (type eps)

<Figsajd/Bits/darkline.ps>
File: Figsajd/ActiveSearch/twodtrack.id Graphic file (type eps)
 <Figsajd/ActiveSearch/twodtrack.id> [30

]
File: Figsajd/Bits/darkline.ps Graphic file (type eps)

<Figsajd/Bits/darkline.ps>
File: Figsajd/Bits/empty.id Graphic file (type eps)
 <Figsajd/Bits/empty.id>
\w=\dimen127
\h=\dimen128
 [31

]
File: Figsajd/Bits/darkline.ps Graphic file (type eps)

<Figsajd/Bits/darkline.ps>
File: Figsajd/Bits/empty.id Graphic file (type eps)
 <Figsajd/Bits/empty.id>
\w=\dimen129
\h=\dimen130
 [32

]
File: Figsajd/Bits/darkline.ps Graphic file (type eps)

<Figsajd/Bits/darkline.ps> [33

]
File: Figsajd/Bits/darkline.ps Graphic file (type eps)
 <Figsajd/Bits/darkline.ps>
File: Figsajd/Bits/empty.id Graphic file (type eps)

<Figsajd/Bits/empty.id>
\w=\dimen131
\h=\dimen132

Overfull \hbox (3.6584pt too wide) in paragraph at lines 930--931
[]\OT1/phv/m/n/24.88 Same level of ac-cu-racy ob-tained with around
 []

[34

]
File: Figsajd/Bits/darkline.ps Graphic file (type eps)
 <Figsajd/Bits/darkline.ps>
File: Figsajd/Bits/empty.id Graphic file (type eps)
 <Figsajd/Bits/empty.id>
\w=\dimen133
\h=\dimen134
 [35

]
File: Figsajd/Bits/darkline.ps Graphic file (type eps)

<Figsajd/Bits/darkline.ps>
File: Figsajd/ICCV2003Results/init1.ps Graphic file (type eps)
 <Figsajd/ICCV2003Results/init1.ps>
File: Figsajd/ICCV2003Results/init2.ps Graphic file (type eps)

<Figsajd/ICCV2003Results/init2.ps>
File: Figsajd/ICCV2003Results/init3.ps Graphic file (type eps)
 <Figsajd/ICCV2003Results/init3.ps>
File: Figsajd/ICCV2003Results/init4.ps Graphic file (type eps)

<Figsajd/ICCV2003Results/init4.ps>
File: Figsajd/ICCV2003Results/init5.ps Graphic file (type eps)
 <Figsajd/ICCV2003Results/init5.ps>
File: Figsajd/ICCV2003Results/depthplot2.eps Graphic file (type eps)

<Figsajd/ICCV2003Results/depthplot2.eps> [36

]
File: Figsajd/Bits/darkline.ps Graphic file (type eps)
 <Figsajd/Bits/darkline.ps>
File: Figsajd/Monti/xz_vs_lambda_theta_gimped.eps Graphic file (type eps)

<Figsajd/Monti/xz_vs_lambda_theta_gimped.eps>
LaTeX Font Info:    Font shape `OT1/phv/m/it' in size <24.88> not available
(Font)              Font shape `OT1/phv/m/sl' tried instead on input line 971.
 [37

]
File: Figsajd/Bits/darkline.ps Graphic file (type eps)
 <Figsajd/Bits/darkline.ps>
File: Figsajd/Bits/empty.id Graphic file (type eps)

<Figsajd/Bits/empty.id>
\w=\dimen135
\h=\dimen136
 [38

]
Overfull \vbox (9.94884pt too high) has occurred while \output is active []


[39]
File: Figsajd/Bits/darkline.ps Graphic file (type eps)
 <Figsajd/Bits/darkline.ps>
File: Figsajd/Bits/empty.id Graphic file (type eps)
 <Figsajd/Bits/empty.id>
\w=\dimen137
\h=\dimen138
 [40

]
File: Figsajd/Bits/darkline.ps Graphic file (type eps)

<Figsajd/Bits/darkline.ps>
File: Figsajd/Bits/empty.id Graphic file (type eps)
 <Figsajd/Bits/empty.id>
\w=\dimen139
\h=\dimen140
 [41

]
File: Figsajd/Bits/darkline.ps Graphic file (type eps)

<Figsajd/Bits/darkline.ps>
File: Figsajd/Bits/empty.id Graphic file (type eps)
 <Figsajd/Bits/empty.id>
\w=\dimen141
\h=\dimen142
 [42

]
File: Figsajd/Bits/darkline.ps Graphic file (type eps)

<Figsajd/Bits/darkline.ps>
File: Figsajd/Bits/empty.id Graphic file (type eps)
 <Figsajd/Bits/empty.id>
\w=\dimen143
\h=\dimen144
 [43

]
File: Figsajd/Bits/darkline.ps Graphic file (type eps)

<Figsajd/Bits/darkline.ps>
File: Figsajd/Bits/empty.id Graphic file (type eps)
 <Figsajd/Bits/empty.id>
\w=\dimen145
\h=\dimen146
 [44

]
File: Figsajd/Bits/darkline.ps Graphic file (type eps)

<Figsajd/Bits/darkline.ps>
File: Figsajd/Bits/empty.id Graphic file (type eps)
 <Figsajd/Bits/empty.id>
\w=\dimen147
\h=\dimen148
 [45

]
File: Figsajd/Bits/darkline.ps Graphic file (type eps)

<Figsajd/Bits/darkline.ps>
File: Figsajd/Bits/empty.id Graphic file (type eps)
 <Figsajd/Bits/empty.id>
\w=\dimen149
\h=\dimen150
 [46

]
File: Figsajd/Bits/darkline.ps Graphic file (type eps)

<Figsajd/Bits/darkline.ps>
File: Figsajd/Bits/empty.id Graphic file (type eps)
 <Figsajd/Bits/empty.id>
\w=\dimen151
\h=\dimen152
 [47

]
File: Figsajd/Bits/darkline.ps Graphic file (type eps)

<Figsajd/Bits/darkline.ps> [48

]
File: Figsajd/Bits/darkline.ps Graphic file (type eps)
 <Figsajd/Bits/darkline.ps>
File: Figsajd/Scene/monoslamglow1.0.eps Graphic file (type eps)

<Figsajd/Scene/monoslamglow1.0.eps>
LaTeX Font Info:    Try loading font information for OT1+pcr on input line 1147
.

(/usr/share/texmf/tex/latex/psnfss/ot1pcr.fd
File: ot1pcr.fd 2001/06/04 font definitions for OT1/pcr.
)
Overfull \hbox (13.17598pt too wide) in paragraph at lines 1147--1148
 \OT1/pcr/m/n/24.88 http://www.doc.ic.ac.uk/~ajd/Scene/ 
 []


! LaTeX Error: \begin{center} on input line 78 ended by \end{document}.

See the LaTeX manual or LaTeX Companion for explanation.
Type  H <return>  for immediate help.
 ...                                              
                                                  
l.1161 \end{document}
                     
? 
! Emergency stop.
 ...                                              
                                                  
l.1161 \end{document}
                     
Your command was ignored.
Type  I <command> <return>  to replace it with another command,
or  <return>  to continue without it.

 
Here is how much of TeX's memory you used:
 2104 strings out of 94501
 26792 string characters out of 1176789
 71681 words of memory out of 1000000
 5215 multiletter control sequences out of 10000+50000
 16548 words of font info for 55 fonts, out of 500000 for 2000
 580 hyphenation exceptions out of 1000
 27i,9n,21p,255b,339s stack positions out of 1500i,500n,5000p,200000b,5000s
Output written on slamschool.dvi (48 pages, 51248 bytes).
